<?xml version="1.0" encoding="UTF-8"?>
<testsuite name="PhoneBookTest" tests="1" skipped="0" failures="0" errors="0" timestamp="2023-04-05T04:32:03" hostname="PROUDHON" time="20.293">
  <properties/>
  <testcase name="start" classname="PhoneBookTest" time="20.293"/>
  <system-out><![CDATA[?[1;31m
Start test 1?[0m
Start searching... (linear sort)
Found 500 / 500 entries. Time taken: 00 min. 01 sec. 589 ms. 

Start searching... (bubble sort + jump search)
Found 500 / 500 entries. Time taken: 00 min. 17 sec. 477 ms. - STOPPED, moved to linear search
Sorting time: 00 min. 17 sec. 477 ms.
Searching time: 00 min. 00 sec. 000 ms.

Start searching... (quick sort + binary search)...
Sorting time: 00 min. 00 sec. 725 ms.
Searching time: 00 min. 00 sec. 003 ms.
Found 500 / 500 entries. Time taken: 00 min. 00 sec. 729 ms.

Start searching... (hash table)...
Found 500 / 500 entries. Time taken: 00 min. 00 sec. 093 ms.
Creating time: 00 min. 00 sec. 093 ms.
Searching time: 00 min. 00 sec. 000 ms.
]]></system-out>
  <system-err><![CDATA[]]></system-err>
</testsuite>
